{"message":"Diagnostic mode enabled","timestamp":"2026-01-16T12:56:50.3881373-06:00","level":"INFO","data":{"log_path":"D:\\wrath_and_glory\\ObsidianVault\\scripts\\ingest_diagnostic.log"}}
{"message":"Configuration loaded","timestamp":"2026-01-16T12:56:50.4643444-06:00","level":"INFO","data":{"pdf_root":"D:\\wrath_and_glory\\ObsidianVault\\pdf","config_path":"D:\\wrath_and_glory\\ObsidianVault\\scripts\\ingest_config.json"}}
{"message":"PDF scan completed","timestamp":"2026-01-16T12:56:50.4723642-06:00","level":"INFO","data":{"pdf_root":"D:\\wrath_and_glory\\ObsidianVault\\pdf","pdf_count":23}}
{"message":"Latest PDF time determined","timestamp":"2026-01-16T12:56:50.4943159-06:00","level":"INFO","data":{"latest_pdf_time_utc":"2026-01-15T22:58:00.0620015Z"}}
{"message":"State file parsed","timestamp":"2026-01-16T12:56:50.5168484-06:00","level":"INFO","data":{"state_type":"System.Management.Automation.PSCustomObject","state_path":"D:\\wrath_and_glory\\ObsidianVault\\scripts\\ingest_state.json","has_last_run_utc":true}}
{"message":"State file read","timestamp":"2026-01-16T12:56:50.5230024-06:00","level":"INFO","data":{"state_exists":true,"state_path":"D:\\wrath_and_glory\\ObsidianVault\\scripts\\ingest_state.json","last_run_utc":"2026-01-16T18:38:04.7106440Z"}}
{"message":"Ingestion decision","timestamp":"2026-01-16T12:56:50.5261662-06:00","level":"INFO","data":{"last_run_utc":"2026-01-16T18:38:04.7106440Z","latest_pdf_time_utc":"2026-01-15T22:58:00.0620015Z","reason":"no_new_pdfs","should_ingest":false}}
{"message":"Diagnostic mode enabled","timestamp":"2026-01-16T12:57:13.1786621-06:00","level":"INFO","data":{"log_path":"D:\\wrath_and_glory\\ObsidianVault\\scripts\\ingest_diagnostic.log"}}
{"message":"Configuration loaded","timestamp":"2026-01-16T12:57:13.2579944-06:00","level":"INFO","data":{"pdf_root":"D:\\wrath_and_glory\\ObsidianVault\\pdf","config_path":"D:\\wrath_and_glory\\ObsidianVault\\scripts\\ingest_config.json"}}
{"message":"PDF scan completed","timestamp":"2026-01-16T12:57:13.2681750-06:00","level":"INFO","data":{"pdf_root":"D:\\wrath_and_glory\\ObsidianVault\\pdf","pdf_count":23}}
{"message":"Latest PDF time determined","timestamp":"2026-01-16T12:57:13.2928508-06:00","level":"INFO","data":{"latest_pdf_time_utc":"2026-01-15T22:58:00.0620015Z"}}
{"message":"State file not found","timestamp":"2026-01-16T12:57:13.2997473-06:00","level":"INFO","data":{"state_path":"D:\\wrath_and_glory\\ObsidianVault\\scripts\\ingest_state.json"}}
{"message":"State file missing or invalid","timestamp":"2026-01-16T12:57:13.3102230-06:00","level":"INFO","data":{"state_path":"D:\\wrath_and_glory\\ObsidianVault\\scripts\\ingest_state.json","state_exists":false}}
{"message":"Ingestion decision","timestamp":"2026-01-16T12:57:13.3141382-06:00","level":"INFO","data":{"last_run_utc":null,"latest_pdf_time_utc":"2026-01-15T22:58:00.0620015Z","reason":"no_previous_run","should_ingest":true}}
{"message":"Starting ingestion","timestamp":"2026-01-16T12:57:13.3286792-06:00","level":"INFO","data":{"ingest_script":"D:\\wrath_and_glory\\ObsidianVault\\scripts\\ingest_pdfs.py"}}
{"message":"Ingestion completed","timestamp":"2026-01-16T13:00:07.4828082-06:00","level":"INFO","data":{"stdout_length":0,"duration_seconds":174.1442693,"exit_code":0}}
{"message":"State file written","timestamp":"2026-01-16T13:00:07.5042934-06:00","level":"INFO","data":{"state_path":"D:\\wrath_and_glory\\ObsidianVault\\scripts\\ingest_state.json","last_run_utc":"2026-01-16T19:00:07.4979002Z"}}
{"message":"State saved","timestamp":"2026-01-16T13:00:07.5098357-06:00","level":"INFO","data":{"new_last_run_utc":"2026-01-16T19:00:07.5053013Z","state_path":"D:\\wrath_and_glory\\ObsidianVault\\scripts\\ingest_state.json"}}
{"message":"Diagnostic mode enabled","timestamp":"2026-01-16T13:04:03.5134008-06:00","level":"INFO","data":{"log_path":"D:\\wrath_and_glory\\ObsidianVault\\scripts\\ingest_diagnostic.log"}}
{"message":"Configuration loaded","timestamp":"2026-01-16T13:04:03.5648931-06:00","level":"INFO","data":{"pdf_root":"D:\\wrath_and_glory\\ObsidianVault\\pdf","config_path":"D:\\wrath_and_glory\\ObsidianVault\\scripts\\ingest_config.json"}}
{"message":"PDF scan completed","timestamp":"2026-01-16T13:04:03.5726352-06:00","level":"INFO","data":{"pdf_root":"D:\\wrath_and_glory\\ObsidianVault\\pdf","pdf_count":23}}
{"message":"Latest PDF time determined","timestamp":"2026-01-16T13:04:03.5913375-06:00","level":"INFO","data":{"latest_pdf_time_utc":"2026-01-15T22:58:00.0620015Z"}}
{"message":"State file parsed","timestamp":"2026-01-16T13:04:03.6142931-06:00","level":"INFO","data":{"state_type":"System.Management.Automation.PSCustomObject","state_path":"D:\\wrath_and_glory\\ObsidianVault\\scripts\\ingest_state.json","has_last_run_utc":true}}
{"message":"State file read","timestamp":"2026-01-16T13:04:03.6220580-06:00","level":"INFO","data":{"state_exists":true,"state_path":"D:\\wrath_and_glory\\ObsidianVault\\scripts\\ingest_state.json","last_run_utc":"2026-01-16T19:00:07.4979002Z"}}
{"message":"Ingestion decision","timestamp":"2026-01-16T13:04:03.6245602-06:00","level":"INFO","data":{"last_run_utc":"2026-01-16T19:00:07.4979002Z","latest_pdf_time_utc":"2026-01-15T22:58:00.0620015Z","reason":"no_new_pdfs","should_ingest":false}}
{"message":"Diagnostic mode enabled","timestamp":"2026-01-16T13:05:40.0935074-06:00","level":"INFO","data":{"log_path":"D:\\wrath_and_glory\\ObsidianVault\\scripts\\ingest_diagnostic.log"}}
{"message":"Configuration loaded","timestamp":"2026-01-16T13:05:40.1646324-06:00","level":"INFO","data":{"pdf_root":"D:\\wrath_and_glory\\ObsidianVault\\pdf","config_path":"D:\\wrath_and_glory\\ObsidianVault\\scripts\\ingest_config.json"}}
{"message":"PDF scan completed","timestamp":"2026-01-16T13:05:40.1769634-06:00","level":"INFO","data":{"pdf_root":"D:\\wrath_and_glory\\ObsidianVault\\pdf","pdf_count":23}}
{"message":"Latest PDF time determined","timestamp":"2026-01-16T13:05:40.1944361-06:00","level":"INFO","data":{"latest_pdf_time_utc":"2026-01-15T22:58:00.0620015Z"}}
{"message":"State file not found","timestamp":"2026-01-16T13:05:40.1997423-06:00","level":"INFO","data":{"state_path":"D:\\wrath_and_glory\\ObsidianVault\\scripts\\ingest_state.json"}}
{"message":"State file missing or invalid","timestamp":"2026-01-16T13:05:40.2088213-06:00","level":"INFO","data":{"state_path":"D:\\wrath_and_glory\\ObsidianVault\\scripts\\ingest_state.json","state_exists":false}}
{"message":"Ingestion decision","timestamp":"2026-01-16T13:05:40.2138068-06:00","level":"INFO","data":{"last_run_utc":null,"latest_pdf_time_utc":"2026-01-15T22:58:00.0620015Z","reason":"no_previous_run","should_ingest":true}}
{"message":"Starting ingestion","timestamp":"2026-01-16T13:05:40.2303095-06:00","level":"INFO","data":{"ingest_script":"D:\\wrath_and_glory\\ObsidianVault\\scripts\\ingest_pdfs.py"}}
{"message":"Ingestion completed","timestamp":"2026-01-16T13:08:39.3870724-06:00","level":"INFO","data":{"stdout_length":0,"duration_seconds":179.1498052,"exit_code":0}}
{"message":"State file written","timestamp":"2026-01-16T13:08:39.4040170-06:00","level":"INFO","data":{"state_path":"D:\\wrath_and_glory\\ObsidianVault\\scripts\\ingest_state.json","last_run_utc":"2026-01-16T19:08:39.3979417Z"}}
{"message":"State saved","timestamp":"2026-01-16T13:08:39.4087282-06:00","level":"INFO","data":{"new_last_run_utc":"2026-01-16T19:08:39.4045388Z","state_path":"D:\\wrath_and_glory\\ObsidianVault\\scripts\\ingest_state.json"}}
{"message":"Diagnostic mode enabled","timestamp":"2026-01-16T13:09:37.0622910-06:00","level":"INFO","data":{"log_path":"D:\\wrath_and_glory\\ObsidianVault\\scripts\\ingest_diagnostic.log"}}
{"message":"Configuration loaded","timestamp":"2026-01-16T13:09:37.1419006-06:00","level":"INFO","data":{"pdf_root":"D:\\wrath_and_glory\\ObsidianVault\\pdf","config_path":"D:\\wrath_and_glory\\ObsidianVault\\scripts\\ingest_config.json"}}
{"message":"PDF scan completed","timestamp":"2026-01-16T13:09:37.1517401-06:00","level":"INFO","data":{"pdf_root":"D:\\wrath_and_glory\\ObsidianVault\\pdf","pdf_count":23}}
{"message":"Latest PDF time determined","timestamp":"2026-01-16T13:09:37.1705105-06:00","level":"INFO","data":{"latest_pdf_time_utc":"2026-01-15T22:58:00.0620015Z"}}
{"message":"State file parsed","timestamp":"2026-01-16T13:09:37.1894185-06:00","level":"INFO","data":{"state_type":"System.Management.Automation.PSCustomObject","state_path":"D:\\wrath_and_glory\\ObsidianVault\\scripts\\ingest_state.json","has_last_run_utc":true}}
{"message":"State file read","timestamp":"2026-01-16T13:09:37.1980704-06:00","level":"INFO","data":{"state_exists":true,"state_path":"D:\\wrath_and_glory\\ObsidianVault\\scripts\\ingest_state.json","last_run_utc":"2026-01-16T19:08:39.3979417Z"}}
{"message":"Ingestion decision","timestamp":"2026-01-16T13:09:37.2012705-06:00","level":"INFO","data":{"last_run_utc":"2026-01-16T19:08:39.3979417Z","latest_pdf_time_utc":"2026-01-15T22:58:00.0620015Z","reason":"no_new_pdfs","should_ingest":false}}
{"message":"Diagnostic mode enabled","timestamp":"2026-01-16T13:10:35.6949936-06:00","level":"INFO","data":{"log_path":"D:\\wrath_and_glory\\ObsidianVault\\scripts\\ingest_diagnostic.log"}}
{"message":"Configuration loaded","timestamp":"2026-01-16T13:10:35.7717878-06:00","level":"INFO","data":{"pdf_root":"D:\\wrath_and_glory\\ObsidianVault\\pdf","config_path":"D:\\wrath_and_glory\\ObsidianVault\\scripts\\ingest_config.json"}}
{"message":"PDF scan completed","timestamp":"2026-01-16T13:10:35.7805010-06:00","level":"INFO","data":{"pdf_root":"D:\\wrath_and_glory\\ObsidianVault\\pdf","pdf_count":23}}
{"message":"Latest PDF time determined","timestamp":"2026-01-16T13:10:35.7986522-06:00","level":"INFO","data":{"latest_pdf_time_utc":"2026-01-16T19:10:18.7204508Z"}}
{"message":"State file not found","timestamp":"2026-01-16T13:10:35.8050222-06:00","level":"INFO","data":{"state_path":"D:\\wrath_and_glory\\ObsidianVault\\scripts\\ingest_state.json"}}
{"message":"State file missing or invalid","timestamp":"2026-01-16T13:10:35.8132810-06:00","level":"INFO","data":{"state_path":"D:\\wrath_and_glory\\ObsidianVault\\scripts\\ingest_state.json","state_exists":false}}
{"message":"Ingestion decision","timestamp":"2026-01-16T13:10:35.8178761-06:00","level":"INFO","data":{"last_run_utc":null,"latest_pdf_time_utc":"2026-01-16T19:10:18.7204508Z","reason":"no_previous_run","should_ingest":true}}
{"message":"Starting ingestion","timestamp":"2026-01-16T13:10:35.8332006-06:00","level":"INFO","data":{"ingest_script":"D:\\wrath_and_glory\\ObsidianVault\\scripts\\ingest_pdfs.py"}}
{"message":"Ingestion completed","timestamp":"2026-01-16T13:13:52.5012023-06:00","level":"INFO","data":{"stdout_length":0,"duration_seconds":196.6568812,"exit_code":0}}
{"message":"State file written","timestamp":"2026-01-16T13:13:52.5286662-06:00","level":"INFO","data":{"state_path":"D:\\wrath_and_glory\\ObsidianVault\\scripts\\ingest_state.json","last_run_utc":"2026-01-16T19:13:52.5204857Z"}}
{"message":"State saved","timestamp":"2026-01-16T13:13:52.5371724-06:00","level":"INFO","data":{"new_last_run_utc":"2026-01-16T19:13:52.5304735Z","state_path":"D:\\wrath_and_glory\\ObsidianVault\\scripts\\ingest_state.json"}}
{"message":"Diagnostic mode enabled","timestamp":"2026-01-16T19:37:20.3878111-06:00","level":"INFO","data":{"log_path":"D:\\wrath_and_glory\\ObsidianVault\\scripts\\ingest_diagnostic.log"}}
{"message":"Starting pre-flight validation","timestamp":"2026-01-16T19:37:20.4294096-06:00","level":"INFO","data":{}}
{"message":"Python runtime available","timestamp":"2026-01-16T19:37:20.4624638-06:00","level":"INFO","data":{"version":"Python 3.13.5"}}
{"message":"Pre-flight validation failed","timestamp":"2026-01-16T19:37:20.5623781-06:00","level":"ERROR","data":{"errors":["Failed to load or validate configuration: Cannot process argument transformation on parameter \u0027Config\u0027. Cannot convert value \"@{_purpose=Configure PDF ingestion for Obsidian source and atomic notes.; _dependencies=PDF++ cache (optional), local filesystem paths.; _modification_notes=Initial ingestion configuration for Wrath \u0026 Glory vault.; vault_root=D:\\wrath_and_glory\\ObsidianVault; pdf_root=D:\\wrath_and_glory\\ObsidianVault\\pdf; source_notes_dir=Sources; rules_dir=Rules; npcs_dir=NPCs; factions_dir=Factions; locations_dir=Locations; items_dir=Items; concepts_dir=Concepts; campaigns_dir=Campaigns; templates=; extracted_text_dir=Sources/_extracted_text; pdf_text_cache_dirs=System.Object[]; pdf_text_cache_extensions=System.Object[]; max_excerpt_chars=2000; max_pdf_size_mb=100; diagnostic=; index_builder=; features=; ocr=; watcher=; ai_summarization=; table_extraction=; annotation_extraction=; web_api=; entity_extraction=}\" to type \"System.Collections.Hashtable\". Error: \"Cannot convert the \"@{_purpose=Configure PDF ingestion for Obsidian source and atomic notes.; _dependencies=PDF++ cache (optional), local filesystem paths.; _modification_notes=Initial ingestion configuration for Wrath \u0026 Glory vault.; vault_root=D:\\wrath_and_glory\\ObsidianVault; pdf_root=D:\\wrath_and_glory\\ObsidianVault\\pdf; source_notes_dir=Sources; rules_dir=Rules; npcs_dir=NPCs; factions_dir=Factions; locations_dir=Locations; items_dir=Items; concepts_dir=Concepts; campaigns_dir=Campaigns; templates=; extracted_text_dir=Sources/_extracted_text; pdf_text_cache_dirs=System.Object[]; pdf_text_cache_extensions=System.Object[]; max_excerpt_chars=2000; max_pdf_size_mb=100; diagnostic=; index_builder=; features=; ocr=; watcher=; ai_summarization=; table_extraction=; annotation_extraction=; web_api=; entity_extraction=}\" value of type \"System.Management.Automation.PSCustomObject\" to type \"System.Collections.Hashtable\".\". Resolution: Check JSON syntax and required fields in ingest_config.json."],"summary":"[OK] Python runtime: Python 3.13.5\n[OK] Configuration file found: D:\\wrath_and_glory\\ObsidianVault\\scripts\\ingest_config.json\n[OK] Configuration valid\n[OK] Ingestion script found: D:\\wrath_and_glory\\ObsidianVault\\scripts\\ingest_pdfs.py\n"}}
{"message":"Diagnostic mode enabled","timestamp":"2026-01-16T19:39:19.3755870-06:00","level":"INFO","data":{"log_path":"D:\\wrath_and_glory\\ObsidianVault\\scripts\\ingest_diagnostic.log"}}
{"message":"Starting pre-flight validation","timestamp":"2026-01-16T19:39:19.4162603-06:00","level":"INFO","data":{}}
{"message":"Python runtime available","timestamp":"2026-01-16T19:39:19.4475334-06:00","level":"INFO","data":{"version":"Python 3.13.5"}}
{"message":"Template files validated","timestamp":"2026-01-16T19:39:19.5487047-06:00","level":"INFO","data":{"source_template":"D:\\wrath_and_glory\\ObsidianVault\\Templates\\source_note.md","entity_template":"D:\\wrath_and_glory\\ObsidianVault\\Templates\\entity_note.md"}}
{"message":"Vault write access confirmed","timestamp":"2026-01-16T19:39:19.5778949-06:00","level":"INFO","data":{"vault_root":"D:\\wrath_and_glory\\ObsidianVault"}}
{"message":"Pre-flight validation passed","timestamp":"2026-01-16T19:39:19.6023336-06:00","level":"INFO","data":{"summary":"[OK] Python runtime: Python 3.13.5\n[OK] Configuration file found: D:\\wrath_and_glory\\ObsidianVault\\scripts\\ingest_config.json\n[OK] Configuration valid\n[OK] Template files validated\n[OK] Vault write access confirmed\n[OK] Ingestion script found: D:\\wrath_and_glory\\ObsidianVault\\scripts\\ingest_pdfs.py\n"}}
{"message":"Configuration loaded","timestamp":"2026-01-16T19:39:19.6041673-06:00","level":"INFO","data":{"config_path":"D:\\wrath_and_glory\\ObsidianVault\\scripts\\ingest_config.json"}}
{"message":"Configuration loaded","timestamp":"2026-01-16T19:39:19.6062691-06:00","level":"INFO","data":{"pdf_root":"D:\\wrath_and_glory\\ObsidianVault\\pdf","config_path":"D:\\wrath_and_glory\\ObsidianVault\\scripts\\ingest_config.json"}}
{"message":"PDF scan completed","timestamp":"2026-01-16T19:39:19.6121095-06:00","level":"INFO","data":{"pdf_root":"D:\\wrath_and_glory\\ObsidianVault\\pdf","pdf_count":23}}
{"message":"Performing full PDF scan","timestamp":"2026-01-16T19:39:19.6375378-06:00","level":"INFO","data":{"pdf_root":"D:\\wrath_and_glory\\ObsidianVault\\pdf"}}
{"message":"PDF list cached","timestamp":"2026-01-16T19:39:19.6753271-06:00","level":"INFO","data":{"pdf_count":23,"cache_path":"D:\\wrath_and_glory\\ObsidianVault\\scripts\\ingest_pdf_cache.json"}}
{"message":"Latest PDF time determined","timestamp":"2026-01-16T19:39:19.6885389-06:00","level":"INFO","data":{"latest_pdf_time_utc":"2026-01-16T19:10:18.7204508Z"}}
{"message":"State file parsed","timestamp":"2026-01-16T19:39:19.7211382-06:00","level":"INFO","data":{"state_type":"System.Management.Automation.PSCustomObject","state_path":"D:\\wrath_and_glory\\ObsidianVault\\scripts\\ingest_state.json","has_last_run_utc":true}}
{"message":"State file read","timestamp":"2026-01-16T19:39:19.7285592-06:00","level":"INFO","data":{"state_exists":true,"state_path":"D:\\wrath_and_glory\\ObsidianVault\\scripts\\ingest_state.json","last_run_utc":"2026-01-16T19:16:08.0912861Z"}}
{"message":"Ingestion decision","timestamp":"2026-01-16T19:39:19.7310701-06:00","level":"INFO","data":{"last_run_utc":"2026-01-16T19:16:08.0912861Z","latest_pdf_time_utc":"2026-01-16T19:10:18.7204508Z","reason":"no_new_pdfs","should_ingest":false}}
